
*** Running vivado
    with args -log top_mod.vds -m64 -product Vivado -mode batch -messageDb vivado.pb -notrace -source top_mod.tcl


****** Vivado v2023.1 (64-bit)
  **** SW Build 3865809 on Sun May  7 15:04:56 MDT 2023
  **** IP Build 3864474 on Sun May  7 20:36:21 MDT 2023
  **** SharedData Build 3865790 on Sun May 07 13:33:03 MDT 2023
    ** Copyright 1986-2022 Xilinx, Inc. All Rights Reserved.
    ** Copyright 2022-2023 Advanced Micro Devices, Inc. All Rights Reserved.

source top_mod.tcl -notrace
Command: read_checkpoint -auto_incremental -incremental /mada/users/sdli/LBD_Mastermind/LBD_Mastermind.srcs/utils_1/imports/synth_1/top_mod.dcp
INFO: [Vivado 12-5825] Read reference checkpoint from /mada/users/sdli/LBD_Mastermind/LBD_Mastermind.srcs/utils_1/imports/synth_1/top_mod.dcp for incremental synthesis
INFO: [Vivado 12-7989] Please ensure there are no constraint changes
Command: synth_design -top top_mod -part xc7a35tcpg236-1
Starting synth_design
Attempting to get a license for feature 'Synthesis' and/or device 'xc7a35t'
INFO: [Common 17-349] Got license for feature 'Synthesis' and/or device 'xc7a35t'
INFO: [Device 21-403] Loading part xc7a35tcpg236-1
INFO: [Designutils 20-5440] No compile time benefit to using incremental synthesis; A full resynthesis will be run
INFO: [Designutils 20-4379] Flow is switching to default flow due to incremental criteria not met. If you would like to alter this behaviour and have the flow terminate instead, please set the following parameter config_implementation {autoIncr.Synth.RejectBehavior Terminate}
INFO: [Synth 8-7079] Multithreading enabled for synth_design using a maximum of 4 processes.
INFO: [Synth 8-7078] Launching helper process for spawning children vivado processes
INFO: [Synth 8-7075] Helper process launched with PID 3308124
INFO: [Synth 8-11241] undeclared symbol 'dummy', assumed default net type 'wire' [/mada/users/sdli/LBD_Mastermind/LBD_Mastermind.srcs/sources_1/new/qsec_clks.v:41]
INFO: [Synth 8-11241] undeclared symbol 'clk', assumed default net type 'wire' [/mada/users/sdli/LBD_Mastermind/LBD_Mastermind.srcs/sources_1/new/top_mod.v:32]
INFO: [Synth 8-11241] undeclared symbol 'digsel', assumed default net type 'wire' [/mada/users/sdli/LBD_Mastermind/LBD_Mastermind.srcs/sources_1/new/top_mod.v:32]
INFO: [Synth 8-11241] undeclared symbol 'qsec', assumed default net type 'wire' [/mada/users/sdli/LBD_Mastermind/LBD_Mastermind.srcs/sources_1/new/top_mod.v:32]
---------------------------------------------------------------------------------
Starting RTL Elaboration : Time (s): cpu = 00:00:01 ; elapsed = 00:00:02 . Memory (MB): peak = 2745.242 ; gain = 380.738 ; free physical = 74098 ; free virtual = 122981
---------------------------------------------------------------------------------
INFO: [Synth 8-6157] synthesizing module 'top_mod' [/mada/users/sdli/LBD_Mastermind/LBD_Mastermind.srcs/sources_1/new/top_mod.v:23]
INFO: [Synth 8-6157] synthesizing module 'qsec_clks' [/mada/users/sdli/LBD_Mastermind/LBD_Mastermind.srcs/sources_1/new/qsec_clks.v:24]
INFO: [Synth 8-6157] synthesizing module 'clk_wiz_0' [/mada/users/sdli/LBD_Mastermind/LBD_Mastermind.srcs/sources_1/new/qsec_clks.v:58]
INFO: [Synth 8-6157] synthesizing module 'IBUF' [/mada/software/Xilinx/Vivado/2023.1/scripts/rt/data/unisim_comp.v:71768]
INFO: [Synth 8-6155] done synthesizing module 'IBUF' (0#1) [/mada/software/Xilinx/Vivado/2023.1/scripts/rt/data/unisim_comp.v:71768]
INFO: [Synth 8-6157] synthesizing module 'MMCME2_ADV' [/mada/software/Xilinx/Vivado/2023.1/scripts/rt/data/unisim_comp.v:80311]
	Parameter BANDWIDTH bound to: OPTIMIZED - type: string 
	Parameter CLKFBOUT_MULT_F bound to: 9.125000 - type: double 
	Parameter CLKFBOUT_PHASE bound to: 0.000000 - type: double 
	Parameter CLKFBOUT_USE_FINE_PS bound to: FALSE - type: string 
	Parameter CLKIN1_PERIOD bound to: 10.000000 - type: double 
	Parameter CLKOUT0_DIVIDE_F bound to: 36.500000 - type: double 
	Parameter CLKOUT0_DUTY_CYCLE bound to: 0.500000 - type: double 
	Parameter CLKOUT0_PHASE bound to: 0.000000 - type: double 
	Parameter CLKOUT0_USE_FINE_PS bound to: FALSE - type: string 
	Parameter CLKOUT4_CASCADE bound to: FALSE - type: string 
	Parameter COMPENSATION bound to: ZHOLD - type: string 
	Parameter DIVCLK_DIVIDE bound to: 1 - type: integer 
	Parameter STARTUP_WAIT bound to: FALSE - type: string 
INFO: [Synth 8-6155] done synthesizing module 'MMCME2_ADV' (0#1) [/mada/software/Xilinx/Vivado/2023.1/scripts/rt/data/unisim_comp.v:80311]
INFO: [Synth 8-6157] synthesizing module 'BUFG' [/mada/software/Xilinx/Vivado/2023.1/scripts/rt/data/unisim_comp.v:1519]
INFO: [Synth 8-6155] done synthesizing module 'BUFG' (0#1) [/mada/software/Xilinx/Vivado/2023.1/scripts/rt/data/unisim_comp.v:1519]
INFO: [Synth 8-6155] done synthesizing module 'clk_wiz_0' (0#1) [/mada/users/sdli/LBD_Mastermind/LBD_Mastermind.srcs/sources_1/new/qsec_clks.v:58]
INFO: [Synth 8-6157] synthesizing module 'clkcntrl4' [/mada/users/sdli/LBD_Mastermind/LBD_Mastermind.srcs/sources_1/new/qsec_clks.v:187]
INFO: [Synth 8-6157] synthesizing module 'count4_MSCLK_clkcntrl4' [/mada/users/sdli/LBD_Mastermind/LBD_Mastermind.srcs/sources_1/new/qsec_clks.v:324]
INFO: [Synth 8-6157] synthesizing module 'FDRE' [/mada/software/Xilinx/Vivado/2023.1/scripts/rt/data/unisim_comp.v:39148]
	Parameter INIT bound to: 1'b0 
INFO: [Synth 8-6155] done synthesizing module 'FDRE' (0#1) [/mada/software/Xilinx/Vivado/2023.1/scripts/rt/data/unisim_comp.v:39148]
INFO: [Synth 8-6155] done synthesizing module 'count4_MSCLK_clkcntrl4' (0#1) [/mada/users/sdli/LBD_Mastermind/LBD_Mastermind.srcs/sources_1/new/qsec_clks.v:324]
INFO: [Synth 8-6157] synthesizing module 'AND2' [/mada/software/Xilinx/Vivado/2023.1/scripts/rt/data/unisim_comp.v:473]
INFO: [Synth 8-6155] done synthesizing module 'AND2' (0#1) [/mada/software/Xilinx/Vivado/2023.1/scripts/rt/data/unisim_comp.v:473]
INFO: [Synth 8-6157] synthesizing module 'BUF' [/mada/software/Xilinx/Vivado/2023.1/scripts/rt/data/unisim_comp.v:1465]
INFO: [Synth 8-6155] done synthesizing module 'BUF' (0#1) [/mada/software/Xilinx/Vivado/2023.1/scripts/rt/data/unisim_comp.v:1465]
INFO: [Synth 8-6155] done synthesizing module 'clkcntrl4' (0#1) [/mada/users/sdli/LBD_Mastermind/LBD_Mastermind.srcs/sources_1/new/qsec_clks.v:187]
INFO: [Synth 8-6157] synthesizing module 'STARTUPE2' [/mada/software/Xilinx/Vivado/2023.1/scripts/rt/data/unisim_comp.v:132343]
	Parameter PROG_USR bound to: FALSE - type: string 
	Parameter SIM_CCLK_FREQ bound to: 0.000000 - type: double 
INFO: [Synth 8-6155] done synthesizing module 'STARTUPE2' (0#1) [/mada/software/Xilinx/Vivado/2023.1/scripts/rt/data/unisim_comp.v:132343]
INFO: [Synth 8-6155] done synthesizing module 'qsec_clks' (0#1) [/mada/users/sdli/LBD_Mastermind/LBD_Mastermind.srcs/sources_1/new/qsec_clks.v:24]
INFO: [Synth 8-6155] done synthesizing module 'top_mod' (0#1) [/mada/users/sdli/LBD_Mastermind/LBD_Mastermind.srcs/sources_1/new/top_mod.v:23]
WARNING: [Synth 8-3917] design top_mod has port seg[6] driven by constant 0
WARNING: [Synth 8-3917] design top_mod has port seg[5] driven by constant 0
WARNING: [Synth 8-3917] design top_mod has port seg[4] driven by constant 0
WARNING: [Synth 8-3917] design top_mod has port seg[3] driven by constant 0
WARNING: [Synth 8-3917] design top_mod has port seg[2] driven by constant 0
WARNING: [Synth 8-3917] design top_mod has port seg[1] driven by constant 0
WARNING: [Synth 8-3917] design top_mod has port seg[0] driven by constant 0
---------------------------------------------------------------------------------
Finished RTL Elaboration : Time (s): cpu = 00:00:02 ; elapsed = 00:00:02 . Memory (MB): peak = 2808.211 ; gain = 443.707 ; free physical = 74009 ; free virtual = 122893
---------------------------------------------------------------------------------
---------------------------------------------------------------------------------
Start Handling Custom Attributes
---------------------------------------------------------------------------------
---------------------------------------------------------------------------------
Finished Handling Custom Attributes : Time (s): cpu = 00:00:02 ; elapsed = 00:00:02 . Memory (MB): peak = 2823.055 ; gain = 458.551 ; free physical = 74007 ; free virtual = 122891
---------------------------------------------------------------------------------
---------------------------------------------------------------------------------
Finished RTL Optimization Phase 1 : Time (s): cpu = 00:00:02 ; elapsed = 00:00:02 . Memory (MB): peak = 2823.055 ; gain = 458.551 ; free physical = 74007 ; free virtual = 122891
---------------------------------------------------------------------------------
Netlist sorting complete. Time (s): cpu = 00:00:00 ; elapsed = 00:00:00 . Memory (MB): peak = 2828.992 ; gain = 0.000 ; free physical = 74002 ; free virtual = 122886
INFO: [Netlist 29-17] Analyzing 5 Unisim elements for replacement
INFO: [Netlist 29-28] Unisim Transformation completed in 0 CPU seconds
INFO: [Project 1-570] Preparing netlist for logic optimization

Processing XDC Constraints
Initializing timing engine
Parsing XDC File [/mada/users/sdli/Downloads/Basys3_Master.xdc]
Finished Parsing XDC File [/mada/users/sdli/Downloads/Basys3_Master.xdc]
INFO: [Project 1-236] Implementation specific constraints were found while reading constraint file [/mada/users/sdli/Downloads/Basys3_Master.xdc]. These constraints will be ignored for synthesis but will be used in implementation. Impacted constraints are listed in the file [.Xil/top_mod_propImpl.xdc].
Resolution: To avoid this warning, move constraints listed in [.Xil/top_mod_propImpl.xdc] to another XDC file and exclude this new file from synthesis with the used_in_synthesis property (File Properties dialog in GUI) and re-run elaboration/synthesis.
INFO: [Timing 38-2] Deriving generated clocks
Completed Processing XDC Constraints

Netlist sorting complete. Time (s): cpu = 00:00:00 ; elapsed = 00:00:00 . Memory (MB): peak = 2952.805 ; gain = 0.000 ; free physical = 73993 ; free virtual = 122876
INFO: [Project 1-111] Unisim Transformation Summary:
  A total of 3 instances were transformed.
  AND2 => LUT2: 1 instance 
  BUF => LUT1: 2 instances

Constraint Validation Runtime : Time (s): cpu = 00:00:00 ; elapsed = 00:00:00.01 . Memory (MB): peak = 2952.805 ; gain = 0.000 ; free physical = 73991 ; free virtual = 122875
INFO: [Designutils 20-5440] No compile time benefit to using incremental synthesis; A full resynthesis will be run
INFO: [Designutils 20-4379] Flow is switching to default flow due to incremental criteria not met. If you would like to alter this behaviour and have the flow terminate instead, please set the following parameter config_implementation {autoIncr.Synth.RejectBehavior Terminate}
---------------------------------------------------------------------------------
Finished Constraint Validation : Time (s): cpu = 00:00:05 ; elapsed = 00:00:05 . Memory (MB): peak = 2952.805 ; gain = 588.301 ; free physical = 73987 ; free virtual = 122871
---------------------------------------------------------------------------------
---------------------------------------------------------------------------------
Start Loading Part and Timing Information
---------------------------------------------------------------------------------
Loading part: xc7a35tcpg236-1
---------------------------------------------------------------------------------
Finished Loading Part and Timing Information : Time (s): cpu = 00:00:05 ; elapsed = 00:00:05 . Memory (MB): peak = 2952.805 ; gain = 588.301 ; free physical = 73987 ; free virtual = 122871
---------------------------------------------------------------------------------
---------------------------------------------------------------------------------
Start Applying 'set_property' XDC Constraints
---------------------------------------------------------------------------------
---------------------------------------------------------------------------------
Finished applying 'set_property' XDC Constraints : Time (s): cpu = 00:00:05 ; elapsed = 00:00:05 . Memory (MB): peak = 2952.805 ; gain = 588.301 ; free physical = 73987 ; free virtual = 122871
---------------------------------------------------------------------------------
---------------------------------------------------------------------------------
Finished RTL Optimization Phase 2 : Time (s): cpu = 00:00:05 ; elapsed = 00:00:05 . Memory (MB): peak = 2952.805 ; gain = 588.301 ; free physical = 73982 ; free virtual = 122866
---------------------------------------------------------------------------------
---------------------------------------------------------------------------------
Start RTL Component Statistics 
---------------------------------------------------------------------------------
Detailed RTL Component Info : 
+---XORs : 
	   2 Input      1 Bit         XORs := 21    
---------------------------------------------------------------------------------
Finished RTL Component Statistics 
---------------------------------------------------------------------------------
---------------------------------------------------------------------------------
Start Part Resource Summary
---------------------------------------------------------------------------------
Part Resources:
DSPs: 90 (col length:60)
BRAMs: 100 (col length: RAMB18 60 RAMB36 30)
---------------------------------------------------------------------------------
Finished Part Resource Summary
---------------------------------------------------------------------------------
---------------------------------------------------------------------------------
Start Cross Boundary and Area Optimization
---------------------------------------------------------------------------------
WARNING: [Synth 8-7080] Parallel synthesis criteria is not met
WARNING: [Synth 8-3917] design top_mod has port seg[6] driven by constant 0
WARNING: [Synth 8-3917] design top_mod has port seg[5] driven by constant 0
WARNING: [Synth 8-3917] design top_mod has port seg[4] driven by constant 0
WARNING: [Synth 8-3917] design top_mod has port seg[3] driven by constant 0
WARNING: [Synth 8-3917] design top_mod has port seg[2] driven by constant 0
WARNING: [Synth 8-3917] design top_mod has port seg[1] driven by constant 0
WARNING: [Synth 8-3917] design top_mod has port seg[0] driven by constant 0
WARNING: [Synth 8-3332] Sequential element (slow/slowclk/XLXI_40/MSCLK_CNT4ff_0) is unused and will be removed from module top_mod.
WARNING: [Synth 8-3332] Sequential element (slow/slowclk/XLXI_40/MSCLK_CNT4ff_1) is unused and will be removed from module top_mod.
WARNING: [Synth 8-3332] Sequential element (slow/slowclk/XLXI_40/MSCLK_CNT4ff_2) is unused and will be removed from module top_mod.
WARNING: [Synth 8-3332] Sequential element (slow/slowclk/XLXI_40/MSCLK_CNT4ff_3) is unused and will be removed from module top_mod.
WARNING: [Synth 8-3332] Sequential element (slow/slowclk/XLXI_49/MSCLK_CNT4ff_0) is unused and will be removed from module top_mod.
WARNING: [Synth 8-3332] Sequential element (slow/slowclk/XLXI_49/MSCLK_CNT4ff_1) is unused and will be removed from module top_mod.
WARNING: [Synth 8-3332] Sequential element (slow/slowclk/XLXI_49/MSCLK_CNT4ff_2) is unused and will be removed from module top_mod.
WARNING: [Synth 8-3332] Sequential element (slow/slowclk/XLXI_49/MSCLK_CNT4ff_3) is unused and will be removed from module top_mod.
WARNING: [Synth 8-3332] Sequential element (slow/slowclk/XLXI_45/MSCLK_CNT4ff_0) is unused and will be removed from module top_mod.
WARNING: [Synth 8-3332] Sequential element (slow/slowclk/XLXI_45/MSCLK_CNT4ff_1) is unused and will be removed from module top_mod.
WARNING: [Synth 8-3332] Sequential element (slow/slowclk/XLXI_45/MSCLK_CNT4ff_2) is unused and will be removed from module top_mod.
WARNING: [Synth 8-3332] Sequential element (slow/slowclk/XLXI_45/MSCLK_CNT4ff_3) is unused and will be removed from module top_mod.
WARNING: [Synth 8-3332] Sequential element (slow/slowclk/XLXI_44/MSCLK_CNT4ff_0) is unused and will be removed from module top_mod.
WARNING: [Synth 8-3332] Sequential element (slow/slowclk/XLXI_44/MSCLK_CNT4ff_1) is unused and will be removed from module top_mod.
WARNING: [Synth 8-3332] Sequential element (slow/slowclk/XLXI_44/MSCLK_CNT4ff_2) is unused and will be removed from module top_mod.
WARNING: [Synth 8-3332] Sequential element (slow/slowclk/XLXI_44/MSCLK_CNT4ff_3) is unused and will be removed from module top_mod.
---------------------------------------------------------------------------------
Finished Cross Boundary and Area Optimization : Time (s): cpu = 00:00:05 ; elapsed = 00:00:06 . Memory (MB): peak = 2952.805 ; gain = 588.301 ; free physical = 73982 ; free virtual = 122868
---------------------------------------------------------------------------------
---------------------------------------------------------------------------------
Start Applying XDC Timing Constraints
---------------------------------------------------------------------------------
---------------------------------------------------------------------------------
Finished Applying XDC Timing Constraints : Time (s): cpu = 00:00:07 ; elapsed = 00:00:08 . Memory (MB): peak = 2952.805 ; gain = 588.301 ; free physical = 73981 ; free virtual = 122868
---------------------------------------------------------------------------------
---------------------------------------------------------------------------------
Start Timing Optimization
---------------------------------------------------------------------------------
---------------------------------------------------------------------------------
Finished Timing Optimization : Time (s): cpu = 00:00:07 ; elapsed = 00:00:08 . Memory (MB): peak = 2952.805 ; gain = 588.301 ; free physical = 73981 ; free virtual = 122868
---------------------------------------------------------------------------------
---------------------------------------------------------------------------------
Start Technology Mapping
---------------------------------------------------------------------------------
---------------------------------------------------------------------------------
Finished Technology Mapping : Time (s): cpu = 00:00:07 ; elapsed = 00:00:08 . Memory (MB): peak = 2952.805 ; gain = 588.301 ; free physical = 73981 ; free virtual = 122868
---------------------------------------------------------------------------------
---------------------------------------------------------------------------------
Start IO Insertion
---------------------------------------------------------------------------------
---------------------------------------------------------------------------------
Start Flattening Before IO Insertion
---------------------------------------------------------------------------------
---------------------------------------------------------------------------------
Finished Flattening Before IO Insertion
---------------------------------------------------------------------------------
---------------------------------------------------------------------------------
Start Final Netlist Cleanup
---------------------------------------------------------------------------------
---------------------------------------------------------------------------------
Finished Final Netlist Cleanup
---------------------------------------------------------------------------------
---------------------------------------------------------------------------------
Finished IO Insertion : Time (s): cpu = 00:00:08 ; elapsed = 00:00:09 . Memory (MB): peak = 2952.805 ; gain = 588.301 ; free physical = 73981 ; free virtual = 122867
---------------------------------------------------------------------------------
---------------------------------------------------------------------------------
Start Renaming Generated Instances
---------------------------------------------------------------------------------
---------------------------------------------------------------------------------
Finished Renaming Generated Instances : Time (s): cpu = 00:00:08 ; elapsed = 00:00:09 . Memory (MB): peak = 2952.805 ; gain = 588.301 ; free physical = 73981 ; free virtual = 122867
---------------------------------------------------------------------------------
---------------------------------------------------------------------------------
Start Rebuilding User Hierarchy
---------------------------------------------------------------------------------
---------------------------------------------------------------------------------
Finished Rebuilding User Hierarchy : Time (s): cpu = 00:00:08 ; elapsed = 00:00:09 . Memory (MB): peak = 2952.805 ; gain = 588.301 ; free physical = 73981 ; free virtual = 122867
---------------------------------------------------------------------------------
---------------------------------------------------------------------------------
Start Renaming Generated Ports
---------------------------------------------------------------------------------
---------------------------------------------------------------------------------
Finished Renaming Generated Ports : Time (s): cpu = 00:00:08 ; elapsed = 00:00:09 . Memory (MB): peak = 2952.805 ; gain = 588.301 ; free physical = 73981 ; free virtual = 122867
---------------------------------------------------------------------------------
---------------------------------------------------------------------------------
Start Handling Custom Attributes
---------------------------------------------------------------------------------
---------------------------------------------------------------------------------
Finished Handling Custom Attributes : Time (s): cpu = 00:00:08 ; elapsed = 00:00:09 . Memory (MB): peak = 2952.805 ; gain = 588.301 ; free physical = 73981 ; free virtual = 122867
---------------------------------------------------------------------------------
---------------------------------------------------------------------------------
Start Renaming Generated Nets
---------------------------------------------------------------------------------
---------------------------------------------------------------------------------
Finished Renaming Generated Nets : Time (s): cpu = 00:00:08 ; elapsed = 00:00:09 . Memory (MB): peak = 2952.805 ; gain = 588.301 ; free physical = 73981 ; free virtual = 122867
---------------------------------------------------------------------------------
---------------------------------------------------------------------------------
Start Writing Synthesis Report
---------------------------------------------------------------------------------

Report BlackBoxes: 
+-+--------------+----------+
| |BlackBox name |Instances |
+-+--------------+----------+
+-+--------------+----------+

Report Cell Usage: 
+------+-----------+------+
|      |Cell       |Count |
+------+-----------+------+
|1     |BUFG       |     3|
|2     |LUT1       |     3|
|3     |LUT2       |     3|
|4     |LUT3       |     3|
|5     |LUT4       |     4|
|6     |LUT5       |     1|
|7     |MMCME2_ADV |     1|
|8     |STARTUPE2  |     1|
|9     |FDRE       |    12|
|10    |IBUF       |    18|
|11    |OBUF       |    27|
+------+-----------+------+
---------------------------------------------------------------------------------
Finished Writing Synthesis Report : Time (s): cpu = 00:00:08 ; elapsed = 00:00:09 . Memory (MB): peak = 2952.805 ; gain = 588.301 ; free physical = 73981 ; free virtual = 122867
---------------------------------------------------------------------------------
Synthesis finished with 0 errors, 0 critical warnings and 24 warnings.
Synthesis Optimization Runtime : Time (s): cpu = 00:00:07 ; elapsed = 00:00:08 . Memory (MB): peak = 2952.805 ; gain = 458.551 ; free physical = 73981 ; free virtual = 122867
Synthesis Optimization Complete : Time (s): cpu = 00:00:08 ; elapsed = 00:00:09 . Memory (MB): peak = 2952.805 ; gain = 588.301 ; free physical = 73981 ; free virtual = 122867
INFO: [Project 1-571] Translating synthesized netlist
Netlist sorting complete. Time (s): cpu = 00:00:00 ; elapsed = 00:00:00 . Memory (MB): peak = 2952.805 ; gain = 0.000 ; free physical = 73981 ; free virtual = 122867
INFO: [Netlist 29-17] Analyzing 2 Unisim elements for replacement
INFO: [Netlist 29-28] Unisim Transformation completed in 0 CPU seconds
INFO: [Project 1-570] Preparing netlist for logic optimization
INFO: [Opt 31-138] Pushed 0 inverter(s) to 0 load pin(s).
Netlist sorting complete. Time (s): cpu = 00:00:00 ; elapsed = 00:00:00 . Memory (MB): peak = 2952.805 ; gain = 0.000 ; free physical = 74259 ; free virtual = 123145
INFO: [Project 1-111] Unisim Transformation Summary:
No Unisim elements were transformed.

Synth Design complete | Checksum: 1a286491
INFO: [Common 17-83] Releasing license: Synthesis
52 Infos, 31 Warnings, 0 Critical Warnings and 0 Errors encountered.
synth_design completed successfully
synth_design: Time (s): cpu = 00:00:11 ; elapsed = 00:00:12 . Memory (MB): peak = 2952.805 ; gain = 911.340 ; free physical = 74259 ; free virtual = 123145
INFO: [Common 17-2834] synth_design peak Physical Memory [PSS] (MB): overall = 2174.438; main = 2174.438; forked = 0.000
INFO: [Common 17-2834] synth_design peak Virtual Memory [VSS] (MB): overall = 2952.809; main = 2952.809; forked = 0.000
INFO: [Common 17-1381] The checkpoint '/mada/users/sdli/LBD_Mastermind/LBD_Mastermind.runs/synth_1/top_mod.dcp' has been generated.
INFO: [runtcl-4] Executing : report_utilization -file top_mod_utilization_synth.rpt -pb top_mod_utilization_synth.pb
INFO: [Common 17-206] Exiting Vivado at Thu Jul 25 11:00:47 2024...
